# JRE version: OpenJDK Runtime Environment (8.0_152-b06) (build 1.8.0_152-release-1136-b06)
# Java VM: OpenJDK 64-Bit Server VM (25.152-b06 mixed mode windows-amd64 compressed oops)
Heap:
 PSYoungGen      total 497152K, used 236412K [0x00000000e0000000, 0x0000000100000000, 0x0000000100000000)
  eden space 471040K, 46% used [0x00000000e0000000,0x00000000ed5c3ef8,0x00000000fcc00000)
  from space 26112K, 67% used [0x00000000fe680000,0x00000000ff79b388,0x0000000100000000)
  to   space 26624K, 0% used [0x00000000fcc00000,0x00000000fcc00000,0x00000000fe600000)
 ParOldGen       total 137216K, used 71335K [0x00000000a0000000, 0x00000000a8600000, 0x00000000e0000000)
  object space 137216K, 51% used [0x00000000a0000000,0x00000000a45a9fd0,0x00000000a8600000)
 Metaspace       used 84600K, capacity 88952K, committed 89216K, reserved 1126400K
  class space    used 10897K, capacity 11828K, committed 11904K, reserved 1048576K
GC Heap History (10 events):
Event: 231.818 GC heap before
{Heap before GC invocations=15 (full 3):
 PSYoungGen      total 238592K, used 215552K [0x00000000e0000000, 0x00000000f6180000, 0x0000000100000000)
  eden space 215552K, 100% used [0x00000000e0000000,0x00000000ed280000,0x00000000ed280000)
  from space 23040K, 0% used [0x00000000ed280000,0x00000000ed280000,0x00000000ee900000)
  to   space 22528K, 0% used [0x00000000f4b80000,0x00000000f4b80000,0x00000000f6180000)
 ParOldGen       total 137216K, used 46476K [0x00000000a0000000, 0x00000000a8600000, 0x00000000e0000000)
  object space 137216K, 33% used [0x00000000a0000000,0x00000000a2d632e0,0x00000000a8600000)
 Metaspace       used 63236K, capacity 65616K, committed 65920K, reserved 1105920K
  class space    used 8407K, capacity 9003K, committed 9088K, reserved 1048576K
Event: 231.838 GC heap after
Heap after GC invocations=15 (full 3):
 PSYoungGen      total 305152K, used 11307K [0x00000000e0000000, 0x00000000f5700000, 0x0000000100000000)
  eden space 293376K, 0% used [0x00000000e0000000,0x00000000e0000000,0x00000000f1e80000)
  from space 11776K, 96% used [0x00000000f4b80000,0x00000000f568aec0,0x00000000f5700000)
  to   space 22016K, 0% used [0x00000000f2c00000,0x00000000f2c00000,0x00000000f4180000)
 ParOldGen       total 137216K, used 46484K [0x00000000a0000000, 0x00000000a8600000, 0x00000000e0000000)
  object space 137216K, 33% used [0x00000000a0000000,0x00000000a2d652e0,0x00000000a8600000)
 Metaspace       used 63236K, capacity 65616K, committed 65920K, reserved 1105920K
  class space    used 8407K, capacity 9003K, committed 9088K, reserved 1048576K
}
Event: 257.405 GC heap before
{Heap before GC invocations=16 (full 3):
 PSYoungGen      total 305152K, used 304683K [0x00000000e0000000, 0x00000000f5700000, 0x0000000100000000)
  eden space 293376K, 100% used [0x00000000e0000000,0x00000000f1e80000,0x00000000f1e80000)
  from space 11776K, 96% used [0x00000000f4b80000,0x00000000f568aec0,0x00000000f5700000)
  to   space 22016K, 0% used [0x00000000f2c00000,0x00000000f2c00000,0x00000000f4180000)
 ParOldGen       total 137216K, used 46484K [0x00000000a0000000, 0x00000000a8600000, 0x00000000e0000000)
  object space 137216K, 33% used [0x00000000a0000000,0x00000000a2d652e0,0x00000000a8600000)
 Metaspace       used 67660K, capacity 70352K, committed 70400K, reserved 1110016K
  class space    used 8779K, capacity 9433K, committed 9472K, reserved 1048576K
Event: 257.429 GC heap after
Heap after GC invocations=16 (full 3):
 PSYoungGen      total 329216K, used 9900K [0x00000000e0000000, 0x00000000fa300000, 0x0000000100000000)
  eden space 307200K, 0% used [0x00000000e0000000,0x00000000e0000000,0x00000000f2c00000)
  from space 22016K, 44% used [0x00000000f2c00000,0x00000000f35ab0f0,0x00000000f4180000)
  to   space 20992K, 0% used [0x00000000f8e80000,0x00000000f8e80000,0x00000000fa300000)
 ParOldGen       total 137216K, used 52563K [0x00000000a0000000, 0x00000000a8600000, 0x00000000e0000000)
  object space 137216K, 38% used [0x00000000a0000000,0x00000000a3354cf0,0x00000000a8600000)
 Metaspace       used 67660K, capacity 70352K, committed 70400K, reserved 1110016K
  class space    used 8779K, capacity 9433K, committed 9472K, reserved 1048576K
}
Event: 6790.367 GC heap before
{Heap before GC invocations=17 (full 3):
 PSYoungGen      total 329216K, used 317100K [0x00000000e0000000, 0x00000000fa300000, 0x0000000100000000)
  eden space 307200K, 100% used [0x00000000e0000000,0x00000000f2c00000,0x00000000f2c00000)
  from space 22016K, 44% used [0x00000000f2c00000,0x00000000f35ab0f0,0x00000000f4180000)
  to   space 20992K, 0% used [0x00000000f8e80000,0x00000000f8e80000,0x00000000fa300000)
 ParOldGen       total 137216K, used 52563K [0x00000000a0000000, 0x00000000a8600000, 0x00000000e0000000)
  object space 137216K, 38% used [0x00000000a0000000,0x00000000a3354cf0,0x00000000a8600000)
 Metaspace       used 73540K, capacity 76594K, committed 76800K, reserved 1116160K
  class space    used 9474K, capacity 10199K, committed 10240K, reserved 1048576K
Event: 6790.449 GC heap after
Heap after GC invocations=17 (full 3):
 PSYoungGen      total 402944K, used 20985K [0x00000000e0000000, 0x00000000fb200000, 0x0000000100000000)
  eden space 381952K, 0% used [0x00000000e0000000,0x00000000e0000000,0x00000000f7500000)
  from space 20992K, 99% used [0x00000000f8e80000,0x00000000fa2fe478,0x00000000fa300000)
  to   space 26112K, 0% used [0x00000000f7500000,0x00000000f7500000,0x00000000f8e80000)
 ParOldGen       total 137216K, used 58906K [0x00000000a0000000, 0x00000000a8600000, 0x00000000e0000000)
  object space 137216K, 42% used [0x00000000a0000000,0x00000000a39868a0,0x00000000a8600000)
 Metaspace       used 73540K, capacity 76594K, committed 76800K, reserved 1116160K
  class space    used 9474K, capacity 10199K, committed 10240K, reserved 1048576K
}
Event: 6869.611 GC heap before
{Heap before GC invocations=18 (full 3):
 PSYoungGen      total 402944K, used 402875K [0x00000000e0000000, 0x00000000fb200000, 0x0000000100000000)
  eden space 381952K, 99% used [0x00000000e0000000,0x00000000f74f0a78,0x00000000f7500000)
  from space 20992K, 99% used [0x00000000f8e80000,0x00000000fa2fe478,0x00000000fa300000)
  to   space 26112K, 0% used [0x00000000f7500000,0x00000000f7500000,0x00000000f8e80000)
 ParOldGen       total 137216K, used 58906K [0x00000000a0000000, 0x00000000a8600000, 0x00000000e0000000)
  object space 137216K, 42% used [0x00000000a0000000,0x00000000a39868a0,0x00000000a8600000)
 Metaspace       used 83962K, capacity 88136K, committed 88320K, reserved 1126400K
  class space    used 10804K, capacity 11736K, committed 11776K, reserved 1048576K
Event: 6869.659 GC heap after
Heap after GC invocations=18 (full 3):
 PSYoungGen      total 408064K, used 16380K [0x00000000e0000000, 0x0000000100000000, 0x0000000100000000)
  eden space 381952K, 0% used [0x00000000e0000000,0x00000000e0000000,0x00000000f7500000)
  from space 26112K, 62% used [0x00000000f7500000,0x00000000f84ff368,0x00000000f8e80000)
  to   space 26112K, 0% used [0x00000000fe680000,0x00000000fe680000,0x0000000100000000)
 ParOldGen       total 137216K, used 71327K [0x00000000a0000000, 0x00000000a8600000, 0x00000000e0000000)
  object space 137216K, 51% used [0x00000000a0000000,0x00000000a45a7fd0,0x00000000a8600000)
 Metaspace       used 83962K, capacity 88136K, committed 88320K, reserved 1126400K
  class space    used 10804K, capacity 11736K, committed 11776K, reserved 1048576K
}
Event: 6870.203 GC heap before
{Heap before GC invocations=19 (full 3):
 PSYoungGen      total 408064K, used 397628K [0x00000000e0000000, 0x0000000100000000, 0x0000000100000000)
  eden space 381952K, 99% used [0x00000000e0000000,0x00000000f744fcd0,0x00000000f7500000)
  from space 26112K, 62% used [0x00000000f7500000,0x00000000f84ff368,0x00000000f8e80000)
  to   space 26112K, 0% used [0x00000000fe680000,0x00000000fe680000,0x0000000100000000)
 ParOldGen       total 137216K, used 71327K [0x00000000a0000000, 0x00000000a8600000, 0x00000000e0000000)
  object space 137216K, 51% used [0x00000000a0000000,0x00000000a45a7fd0,0x00000000a8600000)
 Metaspace       used 84353K, capacity 88564K, committed 88704K, reserved 1126400K
  class space    used 10864K, capacity 11806K, committed 11904K, reserved 1048576K
Event: 6870.222 GC heap after
Heap after GC invocations=19 (full 3):
 PSYoungGen      total 497152K, used 17516K [0x00000000e0000000, 0x0000000100000000, 0x0000000100000000)
  eden space 471040K, 0% used [0x00000000e0000000,0x00000000e0000000,0x00000000fcc00000)
  from space 26112K, 67% used [0x00000000fe680000,0x00000000ff79b388,0x0000000100000000)
  to   space 26624K, 0% used [0x00000000fcc00000,0x00000000fcc00000,0x00000000fe600000)
 ParOldGen       total 137216K, used 71335K [0x00000000a0000000, 0x00000000a8600000, 0x00000000e0000000)
  object space 137216K, 51% used [0x00000000a0000000,0x00000000a45a9fd0,0x00000000a8600000)
 Metaspace       used 84353K, capacity 88564K, committed 88704K, reserved 1126400K
  class space    used 10864K, capacity 11806K, committed 11904K, reserved 1048576K
}

